{"uuid":"76fdd4fe-61ac-4b9e-a76c-40f67f0ef0d7","historyId":"d644802777cea9dc529497418d9482a7","fullName":"src/test/java/Features/API.feature:2","labels":[{"name":"host","value":"DESKTOP-UD68LQ4"},{"name":"thread","value":"4100@DESKTOP-UD68LQ4.main(1)"},{"name":"feature","value":"API Testing"},{"name":"story","value":"Verify Get call for ReqRes"},{"name":"suite","value":"API Testing"},{"name":"testClass","value":"Verify Get call for ReqRes"},{"name":"framework","value":"cucumber4jvm"},{"name":"language","value":"java"},{"name":"gherkin_uri","value":"file:///C:/Users/Windows/IdeaProjects/APITesting/src/test/java/Features/API.feature"},{"name":"package","value":"src.test.java.Features.API_feature.API Testing"}],"links":[],"name":"Verify Get call for ReqRes","status":"failed","statusDetails":{"known":false,"muted":false,"flaky":false,"message":"expected [200] but found [404]","trace":"java.lang.AssertionError: expected [200] but found [404]\r\n\tat org.testng.Assert.fail(Assert.java:111)\r\n\tat org.testng.Assert.failNotEquals(Assert.java:1578)\r\n\tat org.testng.Assert.assertEqualsImpl(Assert.java:150)\r\n\tat org.testng.Assert.assertEquals(Assert.java:132)\r\n\tat org.testng.Assert.assertEquals(Assert.java:1419)\r\n\tat org.testng.Assert.assertEquals(Assert.java:1449)\r\n\tat Steps.ApiSteps.user_verifies_status_code_is(ApiSteps.java:25)\r\n\tat ✽.User verifies Status code is 200(file:///C:/Users/Windows/IdeaProjects/APITesting/src/test/java/Features/API.feature:4)\r\n"},"stage":"finished","steps":[{"name":"When  User sends \"Get\" request to \"/api/users/2\" endpoint","status":"passed","statusDetails":{"known":false,"muted":false,"flaky":false},"stage":"finished","steps":[],"attachments":[],"parameters":[],"start":1702115363529,"stop":1702115365732},{"name":"Then  User verifies Status code is 200","status":"failed","statusDetails":{"known":false,"muted":false,"flaky":false,"message":"expected [200] but found [404]","trace":"java.lang.AssertionError: expected [200] but found [404]\r\n\tat org.testng.Assert.fail(Assert.java:111)\r\n\tat org.testng.Assert.failNotEquals(Assert.java:1578)\r\n\tat org.testng.Assert.assertEqualsImpl(Assert.java:150)\r\n\tat org.testng.Assert.assertEquals(Assert.java:132)\r\n\tat org.testng.Assert.assertEquals(Assert.java:1419)\r\n\tat org.testng.Assert.assertEquals(Assert.java:1449)\r\n\tat Steps.ApiSteps.user_verifies_status_code_is(ApiSteps.java:25)\r\n\tat ✽.User verifies Status code is 200(file:///C:/Users/Windows/IdeaProjects/APITesting/src/test/java/Features/API.feature:4)\r\n"},"stage":"finished","steps":[],"attachments":[],"parameters":[],"start":1702115365734,"stop":1702115365744},{"name":"And  User verifies response body contains following details","status":"skipped","statusDetails":{"known":false,"muted":false,"flaky":false},"stage":"finished","steps":[],"attachments":[{"name":"Data table","source":"3619b410-ee24-4927-9483-d7c75929dccc-attachment.csv","type":"text/tab-separated-values"}],"parameters":[],"start":1702115365748,"stop":1702115365758}],"attachments":[],"parameters":[],"start":1702115363425,"stop":1702115365760}